<?xml version="1.0" encoding="UTF-8" standalone="yes"?><!DOCTYPE report PUBLIC "-//JACOCO//DTD Report 1.0//EN" "report.dtd"><report name="TestingP3 Maven Webapp"><sessioninfo id="DESKTOP-U4580OJ-111a43b6" start="1672143001911" dump="1672143002187"/><sessioninfo id="DESKTOP-U4580OJ-ac5a15a1" start="1672143165086" dump="1672143165331"/><sessioninfo id="DESKTOP-U4580OJ-86c8b98b" start="1672158361239" dump="1672158361673"/><sessioninfo id="DESKTOP-U4580OJ-5dd32fa" start="1672158395412" dump="1672158395849"/><sessioninfo id="DESKTOP-U4580OJ-ffb6aa30" start="1672158436168" dump="1672158436564"/><sessioninfo id="DESKTOP-U4580OJ-2e6c3fce" start="1672158519482" dump="1672158519871"/><sessioninfo id="DESKTOP-U4580OJ-df96e7d8" start="1672169026573" dump="1672169026811"/><sessioninfo id="DESKTOP-U4580OJ-c60b666e" start="1672169248092" dump="1672169248343"/><sessioninfo id="DESKTOP-U4580OJ-8c4032a6" start="1672169507394" dump="1672169507560"/><sessioninfo id="DESKTOP-U4580OJ-3f7f08ed" start="1672169541272" dump="1672169541440"/><sessioninfo id="DESKTOP-U4580OJ-ac8c8805" start="1672255368751" dump="1672255368996"/><sessioninfo id="DESKTOP-U4580OJ-845c246b" start="1672255413346" dump="1672255413585"/><sessioninfo id="DESKTOP-U4580OJ-dfbfde6a" start="1672255523860" dump="1672255524100"/><sessioninfo id="DESKTOP-U4580OJ-1a3a56ed" start="1672255777297" dump="1672255777538"/><sessioninfo id="DESKTOP-U4580OJ-4a6a3c9e" start="1672255831130" dump="1672255831386"/><sessioninfo id="DESKTOP-U4580OJ-fcb69d8b" start="1672256355545" dump="1672256355789"/><sessioninfo id="DESKTOP-U4580OJ-4ed7777" start="1672256563105" dump="1672256563374"/><sessioninfo id="DESKTOP-U4580OJ-bd68744e" start="1672256574826" dump="1672256575065"/><sessioninfo id="DESKTOP-U4580OJ-e94923dc" start="1672258285614" dump="1672258285867"/><sessioninfo id="DESKTOP-U4580OJ-9d396ae" start="1672258308212" dump="1672258308462"/><sessioninfo id="DESKTOP-U4580OJ-d7d6a40e" start="1672258351828" dump="1672258352079"/><sessioninfo id="DESKTOP-U4580OJ-d4f620cd" start="1672258537026" dump="1672258537275"/><sessioninfo id="DESKTOP-U4580OJ-74191f38" start="1672258659779" dump="1672258660034"/><sessioninfo id="DESKTOP-U4580OJ-bcf1d282" start="1672259010236" dump="1672259010614"/><sessioninfo id="DESKTOP-U4580OJ-d0278bc7" start="1672259831143" dump="1672259831498"/><package name="AnioBisiesto"><class name="AnioBisiesto/Fecha"><method name="&lt;init&gt;" desc="(III)V" line="12"><counter type="INSTRUCTION" missed="0" covered="12"/><counter type="LINE" missed="0" covered="5"/><counter type="COMPLEXITY" missed="0" covered="1"/><counter type="METHOD" missed="0" covered="1"/></method><method name="getDia" desc="()I" line="20"><counter type="INSTRUCTION" missed="0" covered="3"/><counter type="LINE" missed="0" covered="1"/><counter type="COMPLEXITY" missed="0" covered="1"/><counter type="METHOD" missed="0" covered="1"/></method><method name="getMes" desc="()I" line="26"><counter type="INSTRUCTION" missed="0" covered="3"/><counter type="LINE" missed="0" covered="1"/><counter type="COMPLEXITY" missed="0" covered="1"/><counter type="METHOD" missed="0" covered="1"/></method><method name="getAnio" desc="()I" line="32"><counter type="INSTRUCTION" missed="0" covered="3"/><counter type="LINE" missed="0" covered="1"/><counter type="COMPLEXITY" missed="0" covered="1"/><counter type="METHOD" missed="0" covered="1"/></method><method name="setDia" desc="(I)V" line="36"><counter type="INSTRUCTION" missed="5" covered="9"/><counter type="BRANCH" missed="2" covered="2"/><counter type="LINE" missed="1" covered="3"/><counter type="COMPLEXITY" missed="2" covered="1"/><counter type="METHOD" missed="0" covered="1"/></method><method name="setMes" desc="(I)V" line="47"><counter type="INSTRUCTION" missed="5" covered="9"/><counter type="BRANCH" missed="2" covered="2"/><counter type="LINE" missed="1" covered="3"/><counter type="COMPLEXITY" missed="2" covered="1"/><counter type="METHOD" missed="0" covered="1"/></method><method name="setAnio" desc="(I)V" line="57"><counter type="INSTRUCTION" missed="5" covered="6"/><counter type="BRANCH" missed="1" covered="1"/><counter type="LINE" missed="1" covered="3"/><counter type="COMPLEXITY" missed="1" covered="1"/><counter type="METHOD" missed="0" covered="1"/></method><counter type="INSTRUCTION" missed="15" covered="45"/><counter type="BRANCH" missed="5" covered="5"/><counter type="LINE" missed="3" covered="17"/><counter type="COMPLEXITY" missed="5" covered="7"/><counter type="METHOD" missed="0" covered="7"/><counter type="CLASS" missed="0" covered="1"/></class><class name="AnioBisiesto/Aniobisiesto"><method name="&lt;clinit&gt;" desc="()V" line="6"><counter type="INSTRUCTION" missed="0" covered="6"/><counter type="LINE" missed="0" covered="1"/><counter type="COMPLEXITY" missed="0" covered="1"/><counter type="METHOD" missed="0" covered="1"/></method><method name="&lt;init&gt;" desc="()V" line="5"><counter type="INSTRUCTION" missed="0" covered="3"/><counter type="LINE" missed="0" covered="1"/><counter type="COMPLEXITY" missed="0" covered="1"/><counter type="METHOD" missed="0" covered="1"/></method><method name="main" desc="([Ljava/lang/String;)V" line="10"><counter type="INSTRUCTION" missed="46" covered="0"/><counter type="LINE" missed="14" covered="0"/><counter type="COMPLEXITY" missed="1" covered="0"/><counter type="METHOD" missed="1" covered="0"/></method><method name="calcularbisiesto" desc="(I)V" line="31"><counter type="INSTRUCTION" missed="0" covered="20"/><counter type="BRANCH" missed="0" covered="6"/><counter type="LINE" missed="0" covered="5"/><counter type="COMPLEXITY" missed="0" covered="4"/><counter type="METHOD" missed="0" covered="1"/></method><counter type="INSTRUCTION" missed="46" covered="29"/><counter type="BRANCH" missed="0" covered="6"/><counter type="LINE" missed="14" covered="7"/><counter type="COMPLEXITY" missed="1" covered="6"/><counter type="METHOD" missed="1" covered="3"/><counter type="CLASS" missed="0" covered="1"/></class><sourcefile name="Fecha.java"><line nr="12" mi="0" ci="2" mb="0" cb="0"/><line nr="13" mi="0" ci="3" mb="0" cb="0"/><line nr="14" mi="0" ci="3" mb="0" cb="0"/><line nr="15" mi="0" ci="3" mb="0" cb="0"/><line nr="16" mi="0" ci="1" mb="0" cb="0"/><line nr="20" mi="0" ci="3" mb="0" cb="0"/><line nr="26" mi="0" ci="3" mb="0" cb="0"/><line nr="32" mi="0" ci="3" mb="0" cb="0"/><line nr="36" mi="0" ci="5" mb="2" cb="2"/><line nr="37" mi="5" ci="0" mb="0" cb="0"/><line nr="39" mi="0" ci="3" mb="0" cb="0"/><line nr="41" mi="0" ci="1" mb="0" cb="0"/><line nr="47" mi="0" ci="5" mb="2" cb="2"/><line nr="48" mi="5" ci="0" mb="0" cb="0"/><line nr="50" mi="0" ci="3" mb="0" cb="0"/><line nr="51" mi="0" ci="1" mb="0" cb="0"/><line nr="57" mi="0" ci="2" mb="1" cb="1"/><line nr="58" mi="5" ci="0" mb="0" cb="0"/><line nr="60" mi="0" ci="3" mb="0" cb="0"/><line nr="61" mi="0" ci="1" mb="0" cb="0"/><counter type="INSTRUCTION" missed="15" covered="45"/><counter type="BRANCH" missed="5" covered="5"/><counter type="LINE" missed="3" covered="17"/><counter type="COMPLEXITY" missed="5" covered="7"/><counter type="METHOD" missed="0" covered="7"/><counter type="CLASS" missed="0" covered="1"/></sourcefile><sourcefile name="Aniobisiesto.java"><line nr="5" mi="0" ci="3" mb="0" cb="0"/><line nr="6" mi="0" ci="6" mb="0" cb="0"/><line nr="10" mi="6" ci="0" mb="0" cb="0"/><line nr="12" mi="7" ci="0" mb="0" cb="0"/><line nr="13" mi="3" ci="0" mb="0" cb="0"/><line nr="14" mi="3" ci="0" mb="0" cb="0"/><line nr="15" mi="3" ci="0" mb="0" cb="0"/><line nr="16" mi="3" ci="0" mb="0" cb="0"/><line nr="17" mi="3" ci="0" mb="0" cb="0"/><line nr="18" mi="3" ci="0" mb="0" cb="0"/><line nr="19" mi="3" ci="0" mb="0" cb="0"/><line nr="20" mi="3" ci="0" mb="0" cb="0"/><line nr="21" mi="3" ci="0" mb="0" cb="0"/><line nr="22" mi="3" ci="0" mb="0" cb="0"/><line nr="26" mi="2" ci="0" mb="0" cb="0"/><line nr="28" mi="1" ci="0" mb="0" cb="0"/><line nr="31" mi="0" ci="12" mb="0" cb="6"/><line nr="32" mi="0" ci="3" mb="0" cb="0"/><line nr="33" mi="0" ci="1" mb="0" cb="0"/><line nr="34" mi="0" ci="3" mb="0" cb="0"/><line nr="40" mi="0" ci="1" mb="0" cb="0"/><counter type="INSTRUCTION" missed="46" covered="29"/><counter type="BRANCH" missed="0" covered="6"/><counter type="LINE" missed="14" covered="7"/><counter type="COMPLEXITY" missed="1" covered="6"/><counter type="METHOD" missed="1" covered="3"/><counter type="CLASS" missed="0" covered="1"/></sourcefile><counter type="INSTRUCTION" missed="61" covered="74"/><counter type="BRANCH" missed="5" covered="11"/><counter type="LINE" missed="17" covered="24"/><counter type="COMPLEXITY" missed="6" covered="13"/><counter type="METHOD" missed="1" covered="10"/><counter type="CLASS" missed="0" covered="2"/></package><counter type="INSTRUCTION" missed="61" covered="74"/><counter type="BRANCH" missed="5" covered="11"/><counter type="LINE" missed="17" covered="24"/><counter type="COMPLEXITY" missed="6" covered="13"/><counter type="METHOD" missed="1" covered="10"/><counter type="CLASS" missed="0" covered="2"/></report>